--- Startup times for process: Primary/TUI ---

times in msec
 clock   self+sourced   self:  sourced script
 clock   elapsed:              other lines

000.002  000.002: --- NVIM STARTING ---
000.364  000.362: event init
000.541  000.178: early init
000.632  000.091: locale set
000.698  000.065: init first window
001.480  000.782: inits 1
001.500  000.020: window checked
001.506  000.006: parsing arguments
002.558  000.080  000.080: require('vim.shared')
002.740  000.088  000.088: require('vim.inspect')
002.872  000.091  000.091: require('vim._options')
002.876  000.305  000.127: require('vim._editor')
002.879  000.524  000.139: require('vim._init_packages')
002.883  000.853: init lua interpreter
004.243  001.360: --- NVIM STARTED ---

--- Startup times for process: Embedded ---

times in msec
 clock   self+sourced   self:  sourced script
 clock   elapsed:              other lines

000.001  000.001: --- NVIM STARTING ---
000.303  000.302: event init
000.474  000.170: early init
000.554  000.080: locale set
000.645  000.091: init first window
001.281  000.636: inits 1
001.304  000.023: window checked
001.310  000.006: parsing arguments
002.520  000.096  000.096: require('vim.shared')
002.746  000.104  000.104: require('vim.inspect')
002.963  000.171  000.171: require('vim._options')
002.974  000.445  000.170: require('vim._editor')
002.977  000.620  000.078: require('vim._init_packages')
002.982  001.052: init lua interpreter
003.083  000.101: expanding arguments
003.120  000.037: inits 2
003.814  000.694: init highlight
003.816  000.002: waiting for UI
004.026  000.210: done waiting for UI
004.044  000.018: clear screen
004.184  000.014  000.014: require('vim.keymap')
005.395  001.346  001.333: require('vim._defaults')
005.399  000.009: init default mappings & autocommands
009.234  000.090  000.090: sourcing /usr/local/nvim/share/nvim/runtime/ftplugin.vim
009.956  000.042  000.042: sourcing /usr/local/nvim/share/nvim/runtime/indent.vim
012.813  000.361  000.361: require('packer.util')
012.928  002.203  001.841: require('packer')
013.370  000.440  000.440: require('packer.log')
014.113  000.256  000.256: require('packer.async')
014.605  000.187  000.187: require('packer.result')
014.608  000.493  000.306: require('packer.jobs')
014.614  001.226  000.477: require('packer.plugin_utils')
014.913  000.286  000.286: require('packer.snapshot')
015.134  004.946  000.792: require('core.plugins-setup')
015.445  000.309  000.309: require('core.keymaps')
016.021  000.152  000.152: require('evergarden')
016.185  000.098  000.098: require('evergarden.colors')
016.301  000.097  000.097: require('evergarden.theme')
016.609  000.233  000.233: require('evergarden.hl.init')
016.795  000.171  000.171: require('evergarden.hl.syntax')
016.956  000.118  000.118: require('evergarden.hl.treesitter')
017.227  000.172  000.172: require('evergarden.hl.diagnostics')
017.312  000.050  000.050: require('evergarden.hl.ft.html')
017.628  000.061  000.061: require('evergarden.hl.terminal')
018.427  002.567  001.415: sourcing /home/L_in_arch/.local/share/nvim/site/pack/packer/start/evergarden/colors/evergarden.lua
018.434  002.987  000.420: require('core.options')
019.303  000.189  000.189: require('plenary.bit')
019.410  000.105  000.105: require('plenary.functional')
019.430  000.013  000.013: require('ffi')
019.446  000.800  000.493: require('plenary.path')
019.480  000.033  000.033: require('auto-header.licenses')
019.544  000.063  000.063: require('auto-header.utility')
019.555  001.084  000.188: require('auto-header')
019.565  001.129  000.046: require('autoActPlugs.header')
019.726  000.137  000.137: require('autoclose')
020.175  000.609  000.473: require('autoActPlugs.pairs')
020.402  000.045  000.045: require('auto-save.config')
020.435  000.031  000.031: require('auto-save.utils.data')
020.505  000.069  000.069: require('auto-save.utils.colors')
020.527  000.022  000.022: require('auto-save.utils.echo')
020.534  000.318  000.150: require('auto-save')
020.564  000.387  000.069: require('autoActPlugs.save')
021.002  000.074  000.074: require('tabnine.config')
021.076  000.073  000.073: require('tabnine.consts')
021.144  000.068  000.068: require('tabnine.state')
021.400  000.143  000.143: require('tabnine.third_party.semver.semver')
021.530  000.130  000.130: require('tabnine.utils')
021.535  000.390  000.117: require('tabnine.binary')
021.537  000.732  000.128: require('tabnine.completion')
021.538  000.822  000.089: require('tabnine.auto_commands')
022.005  000.114  000.114: require('tabnine.chat.binary')
022.104  000.098  000.098: require('tabnine.lsp')
022.108  000.416  000.205: require('tabnine.chat')
022.207  000.099  000.099: require('tabnine.chat.codelens')
022.208  000.596  000.082: require('tabnine.chat.auto_commands')
022.281  000.071  000.071: require('tabnine.features')
022.355  000.074  000.074: require('tabnine.chat.user_commands')
022.356  000.818  000.076: require('tabnine.chat.setup')
022.438  000.081  000.081: require('tabnine.keymaps')
022.536  000.097  000.097: require('tabnine.status')
022.643  000.107  000.107: require('tabnine.user_commands')
023.325  000.009  000.009: require('vim.fs')
023.336  000.150  000.141: require('vim.lsp.log')
023.745  000.408  000.408: require('vim.lsp.protocol')
024.758  000.252  000.252: require('vim.lsp._snippet_grammar')
024.894  000.134  000.134: require('vim.highlight')
024.897  000.002  000.002: require('vim.F')
024.910  001.163  000.775: require('vim.lsp.util')
025.275  000.171  000.171: require('vim.lsp.sync')
025.279  000.368  000.197: require('vim.lsp._changetracking')
025.648  000.369  000.369: require('vim.lsp.rpc')
025.699  002.972  000.514: require('vim.lsp')
025.700  003.057  000.085: require('tabnine.workspace')
025.702  005.127  000.146: require('tabnine')
025.964  000.254  000.254: require('vim.version')
027.671  007.107  001.725: require('autoActPlugs.tabnine')
028.417  000.118  000.118: require('dap.utils')
028.435  000.595  000.477: require('dap')
029.028  000.254  000.254: require('dap.ui')
029.037  000.535  000.281: require('dap.repl')
029.068  001.393  000.263: require('debugger.dap-config')
029.155  000.074  000.074: require('neodev')
029.215  000.059  000.059: require('neodev.config')
029.416  000.072  000.072: require('neodev.util')
029.418  000.155  000.083: require('neodev.lsp')
029.688  000.269  000.269: require('lspconfig.util')
030.245  000.083  000.083: require('lspconfig.async')
030.246  000.257  000.174: require('lspconfig.configs')
030.249  000.354  000.097: require('lspconfig')
030.335  000.084  000.084: require('lspconfig.server_configurations.lua_ls')
030.579  000.167  000.167: require('lspconfig.manager')
030.581  001.512  000.350: require('debugger.neodev')
031.226  000.084  000.084: require('cmp.utils.debug')
031.424  000.094  000.094: require('cmp.utils.char')
031.428  000.200  000.107: require('cmp.utils.str')
031.828  000.145  000.145: require('cmp.utils.misc')
031.894  000.065  000.065: require('cmp.utils.buffer')
031.987  000.092  000.092: require('cmp.utils.api')
031.991  000.480  000.179: require('cmp.utils.keymap')
031.992  000.563  000.083: require('cmp.utils.feedkeys')
032.564  000.068  000.068: require('cmp.types.cmp')
032.712  000.147  000.147: require('cmp.types.lsp')
032.769  000.055  000.055: require('cmp.types.vim')
032.770  000.335  000.065: require('cmp.types')
032.783  000.515  000.179: require('cmp.config.mapping')
032.889  000.104  000.104: require('cmp.utils.cache')
033.210  000.193  000.193: require('cmp.config.compare')
033.212  000.319  000.126: require('cmp.config.default')
033.227  001.091  000.153: require('cmp.config')
033.239  001.246  000.156: require('cmp.utils.async')
033.398  000.064  000.064: require('cmp.utils.pattern')
033.400  000.161  000.097: require('cmp.context')
034.329  000.264  000.264: require('cmp.utils.snippet')
034.494  000.162  000.162: require('cmp.matcher')
034.499  000.839  000.412: require('cmp.entry')
034.504  001.103  000.264: require('cmp.source')
034.787  000.079  000.079: require('cmp.utils.event')
035.156  000.059  000.059: require('cmp.utils.options')
035.159  000.240  000.181: require('cmp.utils.window')
035.160  000.371  000.131: require('cmp.view.docs_view')
035.534  000.080  000.080: require('cmp.utils.autocmd')
035.541  000.380  000.300: require('cmp.view.custom_entries_view')
035.732  000.191  000.191: require('cmp.view.wildmenu_entries_view')
035.932  000.198  000.198: require('cmp.view.native_entries_view')
036.076  000.144  000.144: require('cmp.view.ghost_text_view')
036.085  001.580  000.217: require('cmp.view')
036.607  005.749  000.811: require('cmp.core')
036.759  000.086  000.086: require('cmp.config.sources')
036.832  000.071  000.071: require('cmp.config.window')
036.866  006.246  000.340: require('cmp')
037.966  000.014  000.014: require('luasnip.util.types')
037.979  000.011  000.011: require('luasnip.util.lazy_table')
038.010  000.030  000.030: require('luasnip.extras.filetype_functions')
038.035  000.170  000.114: require('luasnip.default_config')
038.037  000.214  000.044: require('luasnip.session')
038.040  000.601  000.387: require('luasnip.util.util')
038.255  000.043  000.043: require('luasnip.util.ext_opts')
038.267  000.010  000.010: require('luasnip.nodes.key_indexer')
038.270  000.229  000.175: require('luasnip.nodes.util')
038.379  000.019  000.019: require('luasnip.session.snippet_collection.source')
038.393  000.014  000.014: require('luasnip.util.table')
038.415  000.021  000.021: require('luasnip.util.auto_table')
038.418  000.148  000.094: require('luasnip.session.snippet_collection')
038.589  000.050  000.050: require('luasnip.util.select')
038.602  000.013  000.013: require('luasnip.util.time')
038.743  000.271  000.208: require('luasnip.util._builtin_vars')
038.766  000.347  000.076: require('luasnip.util.environ')
038.800  000.034  000.034: require('luasnip.util.extend_decorator')
038.989  000.098  000.098: require('luasnip.util.path')
039.137  000.058  000.058: require('luasnip.util.log')
039.139  000.150  000.091: require('luasnip.loaders.util')
039.154  000.014  000.014: require('luasnip.loaders.data')
039.328  000.173  000.173: require('luasnip.loaders.fs_watchers')
039.330  000.529  000.094: require('luasnip.loaders')
039.386  000.047  000.047: require('luasnip.config')
039.387  002.520  000.586: require('luasnip')
039.572  000.018  000.018: require('luasnip.session.enqueueable_operations')
040.201  000.016  000.016: require('luasnip.util.events')
040.206  000.170  000.153: require('luasnip.nodes.node')
040.318  000.112  000.112: require('luasnip.nodes.insertNode')
040.390  000.071  000.071: require('luasnip.nodes.textNode')
040.454  000.062  000.062: require('luasnip.util.mark')
040.494  000.040  000.040: require('luasnip.util.pattern_tokenizer')
040.519  000.024  000.024: require('luasnip.util.dict')
041.022  000.459  000.459: require('luasnip.util.jsregexp')
041.024  000.504  000.045: require('luasnip.nodes.util.trig_engines')
041.042  001.426  000.444: require('luasnip.nodes.snippet')
041.295  000.052  000.052: require('luasnip.util.parser.neovim_ast')
041.343  000.047  000.047: require('luasnip.util.str')
041.664  000.320  000.320: require('luasnip.util.jsregexp')
041.766  000.100  000.100: require('luasnip.util.directed_graph')
041.769  000.632  000.113: require('luasnip.util.parser.ast_utils')
041.852  000.082  000.082: require('luasnip.nodes.functionNode')
042.002  000.149  000.149: require('luasnip.nodes.choiceNode')
042.117  000.114  000.114: require('luasnip.nodes.dynamicNode')
042.142  000.024  000.024: require('luasnip.util.functions')
042.145  001.102  000.100: require('luasnip.util.parser.ast_parser')
042.303  000.157  000.157: require('luasnip.util.parser.neovim_parser')
042.306  002.733  000.048: require('luasnip.util.parser')
042.348  000.042  000.042: require('luasnip.nodes.snippetProxy')
042.548  000.198  000.198: require('luasnip.util.jsonc')
042.611  000.031  000.031: require('luasnip.nodes.duplicate')
042.612  000.063  000.032: require('luasnip.loaders.snippet_cache')
042.621  003.233  000.180: require('luasnip.loaders.from_vscode')
044.666  000.066  000.066: require('luasnip.nodes.multiSnippet')
047.123  016.542  004.477: require('lsp.cmp')
047.314  000.079  000.079: require('mason-core.path')
047.698  000.231  000.231: require('mason-core.functional')
047.914  000.058  000.058: require('mason-core.functional.data')
047.920  000.205  000.147: require('mason-core.functional.function')
048.003  000.071  000.071: require('mason-core.functional.relation')
048.095  000.082  000.082: require('mason-core.functional.logic')
048.135  000.819  000.231: require('mason-core.platform')
048.244  000.109  000.109: require('mason.settings')
048.248  001.098  000.091: require('mason')
049.006  000.291  000.291: require('mason-core.functional.list')
049.180  000.164  000.164: require('mason-core.functional.string')
049.214  000.804  000.349: require('mason.api.command')
049.376  000.156  000.156: require('mason-registry.sources')
049.803  000.158  000.158: require('mason-core.log')
049.854  000.051  000.051: require('mason-lspconfig.settings')
049.856  000.468  000.259: require('mason-lspconfig')
049.988  000.045  000.045: require('mason-lspconfig.notify')
049.993  000.130  000.084: require('mason-lspconfig.lspconfig_hook')
050.161  000.073  000.073: require('mason-core.functional.table')
050.193  000.199  000.126: require('mason-lspconfig.mappings.server')
050.403  000.075  000.075: require('mason-core.EventEmitter')
050.493  000.089  000.089: require('mason-core.optional')
050.744  000.136  000.136: require('mason-core.async')
050.794  000.048  000.048: require('mason-core.async.uv')
050.797  000.303  000.119: require('mason-core.fs')
050.808  000.614  000.148: require('mason-registry')
050.849  000.041  000.041: require('mason-lspconfig.server_config_extensions')
050.976  000.126  000.126: require('lspconfig.server_configurations.omnisharp')
051.100  000.060  000.060: require('mason-lspconfig.ensure_installed')
051.311  000.105  000.105: require('mason-core.result')
051.662  000.178  000.178: require('mason-core.process')
051.811  000.148  000.148: require('mason-core.spawn')
051.813  000.394  000.068: require('mason-core.managers.powershell')
051.871  000.057  000.057: require('mason.version')
051.873  000.560  000.109: require('mason-core.fetch')
051.957  000.083  000.083: require('mason-core.providers')
052.307  000.153  000.153: require('mason-core.purl')
052.314  000.305  000.152: require('mason-core.package')
052.680  000.089  000.089: require('mason-core.installer.registry.expr')
052.684  000.240  000.150: require('mason-core.installer.registry.link')
053.295  000.092  000.092: require('mason-core.receipt')
053.308  000.262  000.170: require('mason-core.installer.context')
053.398  000.089  000.089: require('mason-core.async.control')
053.500  000.102  000.102: require('mason-core.installer.linker')
053.503  000.604  000.152: require('mason-core.installer')
053.512  000.751  000.147: require('mason-core.installer.managers.std')
053.514  000.828  000.077: require('mason-core.installer.registry.schemas')
053.594  000.080  000.080: require('mason-core.installer.registry.util')
053.600  001.286  000.138: require('mason-core.installer.registry')
053.602  001.645  000.054: require('mason-registry.sources.util')
053.607  002.503  000.111: require('mason-registry.sources.github')
056.884  000.063  000.063: require('mason-core.functional.number')
056.905  000.261  000.198: require('mason-lspconfig.api.command')
057.072  000.081  000.081: require('cmp_nvim_lsp.source')
057.074  000.167  000.086: require('cmp_nvim_lsp')
057.555  010.429  003.804: require('lsp.lsp')
058.039  000.407  000.407: require('vim.lsp.handlers')
058.315  000.274  000.274: require('lspconfig/util')
059.103  000.785  000.785: require('vim.diagnostic')
059.304  000.102  000.102: require('lspconfig.server_configurations.clangd')
059.668  000.111  000.111: require('lspconfig.server_configurations.cmake')
060.018  000.087  000.087: require('lspconfig.server_configurations.pyright')
060.418  000.083  000.083: require('lspconfig.server_configurations.cssls')
060.717  000.085  000.085: require('lspconfig.server_configurations.vuels')
060.837  000.084  000.084: require('lspconfig.server_configurations.dockerls')
060.948  000.083  000.083: require('lspconfig.server_configurations.gopls')
061.121  000.071  000.071: require('lspconfig.server_configurations.html')
061.258  000.067  000.067: require('lspconfig.server_configurations.jsonls')
061.407  000.063  000.063: require('lspconfig.server_configurations.sqlls')
061.514  000.069  000.069: require('lspconfig.server_configurations.yamlls')
061.665  000.073  000.073: require('lspconfig.server_configurations.quick_lint_js')
061.832  000.137  000.137: require('lspconfig.server_configurations.texlab')
061.870  004.312  001.731: require('lsp.lspconfig')
062.062  000.021  000.021: require('bufferline.lazy')
062.202  000.131  000.131: require('bufferline.commands')
062.458  000.254  000.254: require('bufferline.config')
062.461  000.558  000.152: require('bufferline')
062.612  000.129  000.129: require('bufferline.utils')
063.413  000.287  000.287: require('bufferline.groups')
063.459  000.031  000.031: require('bufferline.constants')
063.529  000.054  000.054: require('bufferline.colors')
063.814  000.150  000.150: require('bufferline.highlights')
065.260  000.787  000.787: require('bufferline.hover')
065.808  000.421  000.421: require('bufferline.ui')
065.841  003.970  001.552: require('ui.bufferline')
066.386  000.075  000.075: require('colorizer.color')
066.739  000.233  000.233: require('colorizer.trie')
067.034  000.166  000.166: require('colorizer.utils')
067.036  000.295  000.128: require('colorizer.parser.names')
067.132  000.095  000.095: require('colorizer.parser.rgb')
067.219  000.086  000.086: require('colorizer.parser.hsl')
067.302  000.083  000.083: require('colorizer.parser.argb_hex')
067.386  000.083  000.083: require('colorizer.parser.rgba_hex')
067.598  000.211  000.211: require('colorizer.sass')
067.599  001.212  000.126: require('colorizer.matcher')
067.767  000.167  000.167: require('colorizer.tailwind')
067.772  001.626  000.173: require('colorizer.buffer')
067.779  001.922  000.296: require('colorizer')
067.807  001.965  000.043: require('ui.colorizer')
067.923  000.058  000.058: require('edgy')
068.056  000.128  000.128: require('edgy.config')
068.472  000.140  000.140: require('edgy.window')
068.600  000.127  000.127: require('edgy.editor')
068.719  000.118  000.118: require('edgy.util')
068.721  000.478  000.094: require('edgy.view')
068.725  000.668  000.190: require('edgy.edgebar')
068.952  000.085  000.085: require('edgy.state')
068.957  000.232  000.146: require('edgy.layout')
069.062  001.253  000.168: require('ui.edgy2')
069.365  000.120  000.120: require('gitsigns.async')
069.460  000.094  000.094: require('gitsigns.debug.log')
069.797  000.335  000.335: require('gitsigns.config')
069.812  000.735  000.186: require('gitsigns')
070.106  000.195  000.195: require('gitsigns.highlight')
070.377  001.315  000.384: require('ui.gitsigns')
072.572  000.136  000.136: require('vim.treesitter.language')
072.661  000.085  000.085: require('vim.func')
073.191  000.526  000.526: require('vim.func._memoize')
073.244  001.237  000.490: require('vim.treesitter.query')
073.474  000.229  000.229: require('vim.treesitter._range')
073.509  002.047  000.582: require('vim.treesitter.languagetree')
073.523  002.352  000.305: require('vim.treesitter')
073.531  002.444  000.092: require('nvim-treesitter.compat')
076.287  002.085  002.085: require('nvim-treesitter.parsers')
076.446  000.156  000.156: require('nvim-treesitter.utils')
076.450  002.675  000.433: require('nvim-treesitter.ts_utils')
076.453  002.921  000.247: require('nvim-treesitter.tsrange')
076.532  000.078  000.078: require('nvim-treesitter.caching')
076.540  005.708  000.265: require('nvim-treesitter.query')
076.547  006.125  000.417: require('nvim-treesitter.configs')
077.079  000.126  000.126: require('nvim-treesitter.info')
077.230  000.150  000.150: require('nvim-treesitter.shell_command_selectors')
077.244  000.687  000.411: require('nvim-treesitter.install')
080.328  009.949  003.137: require('ui.treesitter')
081.097  000.260  000.260: require('ibl.utils')
081.103  000.487  000.227: require('ibl.config')
081.210  000.106  000.106: require('ibl.indent')
081.214  000.830  000.236: require('ibl.hooks')
081.576  000.093  000.093: require('ibl.highlights')
081.652  000.074  000.074: require('ibl.autocmds')
081.743  000.091  000.091: require('ibl.inlay_hints')
081.837  000.093  000.093: require('ibl.virt_text')
082.151  000.240  000.240: require('ibl.scope_languages')
082.153  000.315  000.075: require('ibl.scope')
082.158  000.928  000.263: require('ibl')
082.345  002.014  000.256: require('ui.indent_blankline')
082.870  000.133  000.133: require('lualine_require')
083.054  000.693  000.560: require('lualine')
084.867  000.070  000.070: require('lualine.utils.mode')
085.725  003.379  002.616: require('ui.lualine')
086.548  000.153  000.153: require('neo-tree.log')
086.641  000.092  000.092: require('neo-tree.utils.filesize.filesize')
086.653  000.663  000.418: require('neo-tree.utils')
086.655  000.780  000.118: require('neo-tree')
087.131  000.183  000.183: require('neo-tree.defaults')
087.205  000.074  000.074: require('neo-tree.setup.mapping-helper')
087.449  000.076  000.076: require('neo-tree.collections')
087.451  000.170  000.094: require('neo-tree.events.queue')
087.452  000.246  000.076: require('neo-tree.events')
087.655  000.084  000.084: require('neo-tree.sources.filesystem.lib.globtopattern')
087.657  000.205  000.121: require('neo-tree.sources.common.file-nesting')
087.879  000.221  000.221: require('neo-tree.ui.highlights')
090.200  000.110  000.110: require('nui.object')
090.962  000.676  000.676: require('nui.utils')
090.970  000.768  000.091: require('nui.text')
090.981  000.996  000.119: require('nui.line')
091.286  000.070  000.070: require('nui.tree.util')
091.293  000.311  000.241: require('nui.tree')
091.501  000.057  000.057: require('nui.utils.buf_storage')
091.675  000.173  000.173: require('nui.utils.autocmd')
091.777  000.101  000.101: require('nui.utils.keymap')
092.015  000.116  000.116: require('nui.layout.utils')
092.017  000.239  000.123: require('nui.split.utils')
092.023  000.730  000.160: require('nui.split')
092.468  000.292  000.292: require('nui.popup.border')
092.476  000.452  000.159: require('nui.popup')
092.573  000.096  000.096: require('neo-tree.ui.popups')
092.629  000.055  000.055: require('neo-tree.ui.windows')
092.641  003.760  001.120: require('neo-tree.ui.renderer')
093.147  000.296  000.296: require('plenary.job')
093.151  000.510  000.214: require('neo-tree.sources.filesystem.lib.filter_external')
093.274  000.122  000.122: require('neo-tree.sources.common.file-items')
093.646  000.071  000.071: require('neo-tree.git.utils')
093.648  000.228  000.158: require('neo-tree.git.status')
093.769  000.121  000.121: require('neo-tree.git.ignored')
093.771  000.399  000.049: require('neo-tree.git')
093.774  000.499  000.100: require('neo-tree.sources.filesystem.lib.fs_watch')
094.186  000.071  000.071: require('plenary.tbl')
094.188  000.162  000.092: require('plenary.vararg.rotate')
094.189  000.225  000.062: require('plenary.vararg')
094.256  000.066  000.066: require('plenary.errors')
094.257  000.390  000.099: require('plenary.async.async')
094.632  000.087  000.087: require('plenary.async.structs')
094.651  000.224  000.137: require('plenary.async.control')
094.654  000.329  000.104: require('plenary.async.util')
094.655  000.396  000.068: require('plenary.async.tests')
094.655  000.881  000.094: require('plenary.async')
094.661  006.203  000.431: require('neo-tree.sources.filesystem.lib.fs_scan')
094.899  000.145  000.145: require('nui.input')
094.901  000.239  000.094: require('neo-tree.ui.inputs')
094.912  007.030  000.589: require('neo-tree.sources.manager')
095.208  000.100  000.100: require('neo-tree.command.parser')
095.295  000.086  000.086: require('neo-tree.command.completion')
095.297  000.298  000.111: require('neo-tree.command')
095.298  000.385  000.088: require('neo-tree.setup.netrw')
095.357  000.058  000.058: require('neo-tree.sources.common.hijack_cursor')
095.359  008.698  000.296: require('neo-tree.setup')
095.652  000.107  000.107: require('neo-tree.setup.deprecations')
096.688  000.259  000.259: require('neo-tree.sources.filesystem')
097.135  000.208  000.208: require('neo-tree.sources.buffers.lib.items')
097.141  000.448  000.239: require('neo-tree.sources.buffers')
097.473  000.156  000.156: require('neo-tree.sources.git_status.lib.items')
097.477  000.331  000.175: require('neo-tree.sources.git_status')
098.348  000.211  000.211: require('neo-tree.sources.common.container')
098.353  000.570  000.360: require('neo-tree.sources.common.components')
098.378  000.703  000.133: require('neo-tree.sources.git_status.components')
101.341  001.337  001.337: require('plenary.scandir')
101.465  000.120  000.120: require('plenary')
101.477  001.862  000.405: require('neo-tree.sources.filesystem.lib.fs_actions')
101.610  000.132  000.132: require('neo-tree.sources.common.help')
101.969  000.323  000.323: require('neo-tree.sources.common.preview')
102.062  000.092  000.092: require('neo-tree.sources.common.node_expander')
102.075  003.595  001.187: require('neo-tree.sources.common.commands')
102.084  003.705  000.109: require('neo-tree.sources.git_status.commands')
102.331  000.067  000.067: require('neo-tree.sources.filesystem.components')
102.640  000.152  000.152: require('neo-tree.sources.filesystem.lib.filter')
102.651  000.319  000.167: require('neo-tree.sources.filesystem.commands')
102.925  000.075  000.075: require('neo-tree.sources.buffers.components')
103.019  000.092  000.092: require('neo-tree.sources.buffers.commands')
104.175  018.447  002.863: require('ui.neo-tree')
104.564  000.077  000.077: require('sentiment.config.default')
104.569  000.170  000.092: require('sentiment.config')
104.571  000.255  000.085: require('sentiment.config.manager')
104.826  000.110  000.110: require('sentiment.Autocmd')
105.472  000.183  000.183: require('sentiment.utils')
105.477  000.419  000.235: require('sentiment.ui.Portion')
105.674  000.195  000.195: require('sentiment.ui.Pair')
105.678  000.851  000.237: require('sentiment.ui')
105.687  001.116  000.155: require('sentiment.autocmds')
105.691  001.493  000.122: require('sentiment')
105.929  001.752  000.259: require('ui.sentiment')
107.355  000.156  000.156: require('sidebar-nvim.utils')
107.454  000.097  000.097: require('sidebar-nvim.config')
107.457  000.378  000.124: require('sidebar-nvim.bindings')
107.463  000.628  000.251: require('sidebar-nvim.view')
107.567  000.103  000.103: require('sidebar-nvim.profile')
107.570  000.975  000.244: require('sidebar-nvim.renderer')
107.664  000.093  000.093: require('sidebar-nvim.events')
107.919  000.125  000.125: require('sidebar-nvim.colors')
107.921  000.256  000.131: require('sidebar-nvim.updater')
107.930  001.629  000.304: require('sidebar-nvim.lib')
107.944  001.955  000.327: require('sidebar-nvim')
108.367  000.070  000.070: require('sidebar-nvim.components.basic')
108.370  000.262  000.192: require('sidebar-nvim.components.loclist')
108.458  000.087  000.087: require('sidebar-nvim.debouncer')
108.639  000.181  000.181: require('dap.breakpoints')
108.665  000.716  000.187: require('dap-sidebar-nvim.breakpoints')
108.830  002.898  000.227: require('ui.sidebar')
109.328  000.101  000.101: require('todo-comments.util')
109.337  000.288  000.186: require('todo-comments.config')
109.687  000.249  000.249: require('todo-comments.highlight')
109.689  000.352  000.102: require('todo-comments.jump')
109.691  000.803  000.163: require('todo-comments')
109.709  000.877  000.075: require('ui.todo')
110.009  000.117  000.117: require('dropbar.hlgroups')
110.657  000.040  000.040: require('dropbar.utils')
110.744  000.086  000.086: require('dropbar.api')
110.763  000.445  000.319: require('dropbar.configs')
110.770  000.761  000.315: require('dropbar.bar')
110.778  001.048  000.171: require('dropbar')
111.111  000.151  000.151: require('vim.ui')
111.234  000.122  000.122: require('dropbar.utils.menu')
111.235  001.526  000.205: require('ui.dropbar')
111.587  000.078  000.078: require('nvim-treesitter.statusline')
111.739  000.151  000.151: require('nvim-treesitter.query_predicates')
111.741  000.320  000.091: require('nvim-treesitter')
111.836  000.093  000.093: require('nvim-biscuits.utils')
111.907  000.071  000.071: require('nvim-biscuits.config')
112.051  000.082  000.082: require('nvim-biscuits.languages.html')
112.109  000.057  000.057: require('nvim-biscuits.languages.vue')
112.172  000.062  000.062: require('nvim-biscuits.languages.javascript')
112.233  000.060  000.060: require('nvim-biscuits.languages.python')
112.235  000.327  000.065: require('nvim-biscuits.languages')
112.308  000.073  000.073: require('vendor.parse')
112.312  001.066  000.182: require('nvim-biscuits')
112.321  001.085  000.019: require('utils.biscuits')
112.549  000.139  000.139: require('bookmarks.async')
112.671  000.121  000.121: require('bookmarks.config')
112.733  000.061  000.061: require('bookmarks.nvim')
112.792  000.057  000.057: require('bookmarks.highlight')
113.091  000.073  000.073: require('bookmarks.signs')
113.231  000.140  000.140: require('bookmarks.util')
113.237  000.444  000.231: require('bookmarks.actions')
113.245  000.903  000.080: require('bookmarks')
113.339  001.018  000.115: require('utils.bookmarks')
113.412  000.057  000.057: require('Comment')
113.451  000.039  000.039: require('Comment.config')
114.035  000.269  000.269: require('Comment.ft')
114.043  000.496  000.227: require('Comment.utils')
114.170  000.126  000.126: require('Comment.opfunc')
114.247  000.076  000.076: require('Comment.extra')
114.259  000.806  000.108: require('Comment.api')
114.376  001.035  000.133: require('utils.comment')
115.159  000.105  000.105: require('cybu.config')
115.709  000.341  000.341: require('plenary.strings')
115.712  000.552  000.211: require('cybu.utils')
115.867  000.154  000.154: require('cybu.vars')
115.926  000.058  000.058: require('cybu.infobar')
115.934  001.480  000.612: require('cybu')
117.266  000.755  000.755: require('nvim-web-devicons.icons-default')
117.387  001.278  000.524: require('nvim-web-devicons')
117.417  003.041  000.282: require('utils.cybu')
117.858  000.219  000.219: require('goto-preview.lib')
117.861  000.405  000.186: require('goto-preview')
117.999  000.136  000.136: require('telescope.themes')
118.635  001.216  000.674: require('utils.goto-preview')
118.886  000.056  000.056: require('guess-indent.utils')
118.934  000.047  000.047: require('guess-indent.config')
118.935  000.283  000.181: require('guess-indent')
118.958  000.322  000.039: require('utils.guess-indent')
119.048  000.081  000.081: require('nekifoch')
119.215  000.082  000.082: require('nekifoch.utils')
119.276  000.060  000.060: require('nekifoch.command_func')
119.278  000.220  000.078: require('nekifoch.command')
119.300  000.342  000.040: require('utils.nekifoch')
119.524  000.060  000.060: require('noice.util.lazy')
119.528  000.151  000.091: require('noice')
119.915  000.133  000.133: require('noice.util.call')
119.917  000.385  000.252: require('noice.util')
120.290  000.249  000.249: require('vim.health')
120.433  000.131  000.131: require('noice.config')
120.436  000.517  000.137: require('noice.health')
120.444  001.143  000.090: require('utils.noice')
120.659  000.085  000.085: require('smart-splits.lazy')
120.736  000.077  000.077: require('smart-splits.types')
120.774  000.311  000.149: require('smart-splits')
120.981  000.091  000.091: require('smart-splits.mux.utils')
120.984  000.209  000.117: require('smart-splits.config')
121.000  000.556  000.036: require('utils.smart-splits')
121.199  000.187  000.187: require('telescope.builtin')
121.413  000.096  000.096: require('telescope._extensions')
121.415  000.214  000.118: require('telescope')
122.370  000.090  000.090: require('telescope.state')
122.513  000.142  000.142: require('telescope.config.resolve')
122.515  000.363  000.131: require('telescope.pickers.entry_display')
123.215  000.240  000.240: require('plenary.log')
123.229  000.348  000.108: require('telescope.log')
123.238  000.722  000.375: require('telescope.utils')
123.244  001.644  000.559: require('telescope.make_entry')
123.346  000.101  000.101: require('telescope.finders.async_static_finder')
123.737  000.098  000.098: require('plenary.class')
123.765  000.313  000.215: require('telescope._')
123.767  000.420  000.107: require('telescope.finders.async_oneshot_finder')
123.874  000.107  000.107: require('telescope.finders.async_job_finder')
123.878  002.417  000.146: require('telescope.finders')
124.966  000.168  000.168: require('plenary.window.border')
125.038  000.071  000.071: require('plenary.window')
125.113  000.074  000.074: require('plenary.popup.utils')
125.116  000.556  000.243: require('plenary.popup')
126.145  000.131  000.131: require('telescope.deprecated')
126.482  000.335  000.335: require('telescope.sorters')
127.710  001.960  001.494: require('telescope.config')
127.908  000.194  000.194: require('telescope.pickers.scroller')
128.080  000.129  000.129: require('telescope.actions.state')
128.204  000.123  000.123: require('telescope.actions.utils')
128.549  000.154  000.154: require('telescope.actions.mt')
128.558  000.353  000.199: require('telescope.actions.set')
128.665  000.105  000.105: require('telescope.from_entry')
128.802  003.685  000.821: require('telescope.actions')
128.958  000.155  000.155: require('telescope.debounce')
129.153  000.194  000.194: require('telescope.mappings')
129.293  000.138  000.138: require('telescope.pickers.highlights')
129.395  000.101  000.101: require('telescope.pickers.window')
129.500  000.103  000.103: require('telescope.pickers.layout')
129.810  000.165  000.165: require('telescope.algos.linked_list')
129.812  000.312  000.147: require('telescope.entry_manager')
129.907  000.095  000.095: require('telescope.pickers.multi')
129.922  006.044  000.704: require('telescope.pickers')
129.926  008.510  000.049: require('telescope._extensions.bookmarks')
129.967  008.966  000.054: require('utils.telescope')
131.221  000.123  000.123: require('trouble.config')
131.225  000.319  000.196: require('trouble.util')
131.336  000.111  000.111: require('trouble.providers.qf')
131.493  000.155  000.155: require('trouble.providers.telescope')
131.665  000.171  000.171: require('trouble.providers.lsp')
131.774  000.108  000.108: require('trouble.providers.diagnostic')
131.776  001.003  000.138: require('trouble.providers')
131.887  000.110  000.110: require('trouble.text')
131.986  000.098  000.098: require('trouble.folds')
131.987  001.416  000.205: require('trouble.renderer')
131.998  001.757  000.341: require('trouble.view')
132.091  000.093  000.093: require('trouble.colors')
132.138  002.131  000.280: require('trouble')
132.227  002.260  000.129: require('utils.trouble')
132.229  122.111  000.122: sourcing /home/L_in_arch/.config/nvim/init.lua
132.240  004.597: sourcing vimrc file(s)
133.183  000.463  000.463: sourcing /usr/local/nvim/share/nvim/runtime/filetype.lua
133.494  000.050  000.050: sourcing /usr/local/nvim/share/nvim/runtime/syntax/synload.vim
133.591  000.346  000.295: sourcing /usr/local/nvim/share/nvim/runtime/syntax/syntax.vim
137.171  000.185  000.185: require('startup.log')
137.290  000.114  000.114: require('startup.themes.dashboard')
137.591  000.299  000.299: require('startup.utils')
137.595  002.583  001.985: require('startup')
137.685  000.088  000.088: require('startup.themes.empty')
138.806  000.102  000.102: require('window-picker.util')
138.810  000.234  000.132: require('window-picker.filters.default-window-filter')
138.917  000.105  000.105: require('window-picker.pickers.window-picker')
139.164  000.098  000.098: require('window-picker.hints.statusline-hint')
139.167  000.249  000.152: require('window-picker.hints.statusline-winbar-hint')
139.259  000.091  000.091: require('window-picker.configurer')
139.260  000.774  000.095: require('window-picker.builder')
139.344  000.083  000.083: require('window-picker.config')
139.346  001.009  000.151: require('window-picker')
139.453  000.074  000.074: require('mellifluous')
139.555  000.101  000.101: require('mellifluous.config')
140.168  000.364  000.364: require('mellifluous.utils.oklab')
140.171  000.478  000.115: require('mellifluous.color')
140.172  000.616  000.137: require('mellifluous.colors.sets.mellifluous')
140.535  000.264  000.264: sourcing /home/L_in_arch/.local/share/nvim/site/pack/packer/start/nvim-treesitter/plugin/nvim-treesitter.lua
147.296  006.600  006.600: require('headlines')
147.360  012.868  001.535: sourcing /home/L_in_arch/.config/nvim/plugin/packer_compiled.lua
147.610  000.116  000.116: sourcing /usr/local/nvim/share/nvim/runtime/plugin/gzip.vim
147.894  000.145  000.145: sourcing /usr/local/nvim/share/nvim/runtime/pack/dist/opt/matchit/plugin/matchit.vim
147.919  000.298  000.153: sourcing /usr/local/nvim/share/nvim/runtime/plugin/matchit.vim
147.936  000.009  000.009: sourcing /usr/local/nvim/share/nvim/runtime/plugin/matchparen.vim
147.952  000.008  000.008: sourcing /usr/local/nvim/share/nvim/runtime/plugin/netrwPlugin.vim
148.081  000.004  000.004: sourcing /home/L_in_arch/.local/share/nvim/rplugin.vim
148.085  000.126  000.122: sourcing /usr/local/nvim/share/nvim/runtime/plugin/rplugin.vim
148.139  000.047  000.047: sourcing /usr/local/nvim/share/nvim/runtime/plugin/shada.vim
148.159  000.010  000.010: sourcing /usr/local/nvim/share/nvim/runtime/plugin/spellfile.vim
148.222  000.055  000.055: sourcing /usr/local/nvim/share/nvim/runtime/plugin/tarPlugin.vim
148.239  000.008  000.008: sourcing /usr/local/nvim/share/nvim/runtime/plugin/tutor.vim
148.320  000.074  000.074: sourcing /usr/local/nvim/share/nvim/runtime/plugin/zipPlugin.vim
148.380  000.048  000.048: sourcing /usr/local/nvim/share/nvim/runtime/plugin/editorconfig.lua
148.436  000.047  000.047: sourcing /usr/local/nvim/share/nvim/runtime/plugin/man.lua
148.482  000.039  000.039: sourcing /usr/local/nvim/share/nvim/runtime/plugin/osc52.lua
148.507  000.018  000.018: sourcing /usr/local/nvim/share/nvim/runtime/plugin/tohtml.lua
148.515  001.693: loading rtp plugins
149.207  000.124  000.124: sourcing /home/L_in_arch/.local/share/nvim/site/pack/packer/start/Comment.nvim/plugin/Comment.lua
149.302  000.057  000.057: sourcing /home/L_in_arch/.local/share/nvim/site/pack/packer/start/FixCursorHold.nvim/plugin/fix_cursorhold_nvim.vim
149.385  000.014  000.014: sourcing /home/L_in_arch/.local/share/nvim/site/pack/packer/start/LuaSnip/plugin/luasnip.vim
150.386  000.910  000.910: require('vim.filetype')
150.752  001.358  000.448: sourcing /home/L_in_arch/.local/share/nvim/site/pack/packer/start/LuaSnip/plugin/luasnip.lua
150.860  000.028  000.028: sourcing /home/L_in_arch/.local/share/nvim/site/pack/packer/start/auto-header.nvim/plugin/auto-header.vim
150.936  000.042  000.042: sourcing /home/L_in_arch/.local/share/nvim/site/pack/packer/start/auto-save.nvim/plugin/auto-save.lua
151.039  000.043  000.043: sourcing /home/L_in_arch/.local/share/nvim/site/pack/packer/start/cellular-automaton.nvim/plugin/cellular-automaton.lua
151.104  000.035  000.035: sourcing /home/L_in_arch/.local/share/nvim/site/pack/packer/start/clangd_extensions.nvim/plugin/clangd_extensions.lua
151.276  000.078  000.078: sourcing /home/L_in_arch/.local/share/nvim/site/pack/packer/start/cybu.nvim/plugin/cybu.lua
153.043  000.105  000.105: require('diffview.lazy')
153.590  000.055  000.055: require('diffview.ffi')
153.697  000.105  000.105: require('diffview.oop')
153.707  000.395  000.235: require('diffview.async')
153.852  000.059  000.059: require('diffview.mock')
153.871  000.789  000.335: require('diffview.logger')
154.006  000.125  000.125: require('diffview.control')
154.148  000.110  000.110: require('diffview.events')
154.152  002.809  001.680: require('diffview.bootstrap')
154.165  002.857  000.049: sourcing /home/L_in_arch/.local/share/nvim/site/pack/packer/start/diffview.nvim/plugin/diffview.lua
154.247  000.029  000.029: sourcing /home/L_in_arch/.local/share/nvim/site/pack/packer/start/dropbar.nvim/plugin/dropbar.lua
154.327  000.013  000.013: sourcing /home/L_in_arch/.local/share/nvim/site/pack/packer/start/fzf-lua/plugin/fzf-lua.vim
154.482  000.123  000.123: require('fzf-lua.cmp_src')
154.550  000.216  000.093: sourcing /home/L_in_arch/.local/share/nvim/site/pack/packer/start/fzf-lua/plugin/fzf-lua.lua
154.610  000.011  000.011: sourcing /home/L_in_arch/.local/share/nvim/site/pack/packer/start/goyo.vim/plugin/goyo.vim
154.756  000.021  000.021: sourcing /home/L_in_arch/.local/share/nvim/site/pack/packer/start/limelight.vim/plugin/limelight.vim
154.864  000.009  000.009: sourcing /home/L_in_arch/.local/share/nvim/site/pack/packer/start/nekifoch/plugin/init.lua
154.908  000.014  000.014: sourcing /home/L_in_arch/.local/share/nvim/site/pack/packer/start/neo-tree.nvim/plugin/neo-tree.vim
155.080  000.138  000.138: sourcing /home/L_in_arch/.local/share/nvim/site/pack/packer/start/neotest/plugin/neotest.lua
155.170  000.011  000.011: sourcing /home/L_in_arch/.local/share/nvim/site/pack/packer/start/nvim-biscuits/plugin/nvim-biscuits.vim
155.386  000.139  000.139: require('cmp.utils.highlight')
155.568  000.371  000.232: sourcing /home/L_in_arch/.local/share/nvim/site/pack/packer/start/nvim-cmp/plugin/cmp.lua
155.654  000.024  000.024: sourcing /home/L_in_arch/.local/share/nvim/site/pack/packer/start/nvim-colorizer.lua/plugin/colorizer.lua
155.790  000.077  000.077: sourcing /home/L_in_arch/.local/share/nvim/site/pack/packer/start/nvim-dap/plugin/dap.lua
155.999  000.142  000.142: sourcing /home/L_in_arch/.local/share/nvim/site/pack/packer/start/nvim-lspconfig/plugin/lspconfig.lua
156.050  000.017  000.017: sourcing /home/L_in_arch/.local/share/nvim/site/pack/packer/start/nvim-treesitter/plugin/nvim-treesitter.lua
156.219  000.137  000.137: require('rainbow')
156.374  000.297  000.160: sourcing /home/L_in_arch/.local/share/nvim/site/pack/packer/start/nvim-ts-rainbow/plugin/rainbow.vim
156.430  000.021  000.021: sourcing /home/L_in_arch/.local/share/nvim/site/pack/packer/start/nvim-web-devicons/plugin/nvim-web-devicons.vim
156.493  000.027  000.027: sourcing /home/L_in_arch/.local/share/nvim/site/pack/packer/start/onedarkpro.nvim/plugin/onedarkpro.vim
156.564  000.017  000.017: sourcing /home/L_in_arch/.local/share/nvim/site/pack/packer/start/plenary.nvim/plugin/plenary.vim
156.667  000.054  000.054: sourcing /home/L_in_arch/.local/share/nvim/site/pack/packer/start/sidebar.nvim/plugin/sidebar-nvim.vim
156.788  000.059  000.059: sourcing /home/L_in_arch/.local/share/nvim/site/pack/packer/start/smart-splits.nvim/plugin/init.lua
156.984  000.175  000.175: require('smart-splits.commands')
157.338  000.102  000.102: require('smart-splits.log.file')
157.459  000.117  000.117: require('smart-splits.log.async')
157.461  000.392  000.172: require('smart-splits.log')
157.624  000.131  000.131: require('smart-splits.mux')
157.625  000.830  000.132: sourcing /home/L_in_arch/.local/share/nvim/site/pack/packer/start/smart-splits.nvim/plugin/smart-splits.lua
157.948  000.232  000.232: sourcing /home/L_in_arch/.local/share/nvim/site/pack/packer/start/telescope.nvim/plugin/telescope.lua
158.005  000.016  000.016: sourcing /home/L_in_arch/.local/share/nvim/site/pack/packer/start/todo-comments.nvim/plugin/todo.vim
158.072  000.037  000.037: sourcing /home/L_in_arch/.local/share/nvim/site/pack/packer/start/transparent.nvim/plugin/transparent.vim
158.128  000.025  000.025: sourcing /home/L_in_arch/.local/share/nvim/site/pack/packer/start/trouble.nvim/plugin/trouble.vim
158.188  000.027  000.027: sourcing /home/L_in_arch/.local/share/nvim/site/pack/packer/start/vim/plugin/statusline.vim
158.394  000.128  000.128: sourcing /home/L_in_arch/.local/share/nvim/site/pack/packer/start/vim-sandwich/plugin/operator/sandwich.vim
158.517  000.115  000.115: sourcing /home/L_in_arch/.local/share/nvim/site/pack/packer/start/vim-sandwich/plugin/sandwich.vim
158.576  000.052  000.052: sourcing /home/L_in_arch/.local/share/nvim/site/pack/packer/start/vim-sandwich/plugin/textobj/sandwich.vim
158.646  000.041  000.041: sourcing /home/L_in_arch/.local/share/nvim/site/pack/packer/start/vim-tmux-navigator/plugin/tmux_navigator.vim
158.761  000.048  000.048: sourcing /home/L_in_arch/.local/share/nvim/site/pack/packer/start/yazi.nvim/plugin/yazi.vim
158.835  002.566: loading packages
159.181  000.039  000.039: require('cmp_buffer.timer')
159.184  000.187  000.148: require('cmp_buffer.buffer')
159.186  000.277  000.090: require('cmp_buffer.source')
159.188  000.310  000.033: require('cmp_buffer')
159.220  000.352  000.043: sourcing /home/L_in_arch/.local/share/nvim/site/pack/packer/start/cmp-buffer/after/plugin/cmp_buffer.lua
159.345  000.088  000.088: require('cmp_calc')
159.363  000.112  000.024: sourcing /home/L_in_arch/.local/share/nvim/site/pack/packer/start/cmp-calc/after/plugin/cmp_calc.lua
159.552  000.154  000.154: require('cmp_cmdline')
159.571  000.179  000.025: sourcing /home/L_in_arch/.local/share/nvim/site/pack/packer/start/cmp-cmdline/after/plugin/cmp_cmdline.lua
159.748  000.137  000.137: require('cmp_dap')
159.778  000.174  000.037: sourcing /home/L_in_arch/.local/share/nvim/site/pack/packer/start/cmp-dap/after/plugin/cmp_dap.lua
159.834  000.015  000.015: sourcing /home/L_in_arch/.local/share/nvim/site/pack/packer/start/cmp-nvim-lsp/after/plugin/cmp_nvim_lsp.lua
160.001  000.133  000.133: require('cmp_nvim_lsp_signature_help')
160.009  000.146  000.013: sourcing /home/L_in_arch/.local/share/nvim/site/pack/packer/start/cmp-nvim-lsp-signature-help/after/plugin/cmp_nvim_lsp_signature_help.lua
160.112  000.071  000.071: require('cmp_nvim_lua')
160.120  000.085  000.014: sourcing /home/L_in_arch/.local/share/nvim/site/pack/packer/start/cmp-nvim-lua/after/plugin/cmp_nvim_lua.lua
160.293  000.141  000.141: require('cmp_path')
160.302  000.156  000.015: sourcing /home/L_in_arch/.local/share/nvim/site/pack/packer/start/cmp-path/after/plugin/cmp_path.lua
160.411  000.074  000.074: require('cmp-spell')
160.419  000.087  000.014: sourcing /home/L_in_arch/.local/share/nvim/site/pack/packer/start/cmp-spell/after/plugin/cmp-spell.lua
160.579  000.120  000.120: require('cmp_luasnip')
160.595  000.148  000.028: sourcing /home/L_in_arch/.local/share/nvim/site/pack/packer/start/cmp_luasnip/after/plugin/cmp_luasnip.lua
160.712  000.069  000.069: sourcing /home/L_in_arch/.local/share/nvim/site/pack/packer/start/indent-blankline.nvim/after/plugin/commands.lua
160.958  000.025  000.025: sourcing /home/L_in_arch/.local/share/nvim/site/pack/packer/start/srcery/autoload/srcery/helper.vim
160.970  000.226  000.201: sourcing /home/L_in_arch/.local/share/nvim/site/pack/packer/start/srcery/after/plugin/srcery.vim
160.975  000.389: loading after plugins
160.982  000.006: inits 3
161.956  000.974: reading ShaDa
162.730  000.337  000.337: require('luasnip.loaders.from_lua')
162.936  000.199  000.199: require('luasnip.loaders.from_snipmate')
162.957  000.465: opening buffers
163.037  000.051  000.051: require('bufferline.state')
163.201  000.193: BufEnter autocommands
163.203  000.002: editing files in windows
163.225  000.022: --- NVIM STARTED ---

